<?xml version="1.0" encoding="UTF-8"?>
<testsuite xmlns:xsi="http://www.w3.org/2001/XMLSchema-instance" xsi:noNamespaceSchemaLocation="https://maven.apache.org/surefire/maven-surefire-plugin/xsd/surefire-test-report.xsd" name="za.co.yakka.rest2.AppTest" time="0.019" tests="1" errors="0" skipped="0" failures="0">
  <properties>
    <property name="sun.desktop" value="gnome"/>
    <property name="awt.toolkit" value="sun.awt.X11.XToolkit"/>
    <property name="file.encoding.pkg" value="sun.io"/>
    <property name="java.specification.version" value="1.8"/>
    <property name="sun.cpu.isalist" value=""/>
    <property name="sun.jnu.encoding" value="UTF-8"/>
    <property name="java.class.path" value="/home/sandile/eclipse-workspace/rest2/target/test-classes:/home/sandile/eclipse-workspace/rest2/target/classes:/home/sandile/.m2/repository/mysql/mysql-connector-java/8.0.15/mysql-connector-java-8.0.15.jar:/home/sandile/.m2/repository/com/google/protobuf/protobuf-java/3.6.1/protobuf-java-3.6.1.jar:/home/sandile/.m2/repository/junit/junit/4.11/junit-4.11.jar:/home/sandile/.m2/repository/org/hamcrest/hamcrest-core/1.3/hamcrest-core-1.3.jar:/home/sandile/.m2/repository/javax/javaee-api/8.0/javaee-api-8.0.jar:/home/sandile/.m2/repository/com/sun/mail/javax.mail/1.6.0/javax.mail-1.6.0.jar:/home/sandile/.m2/repository/javax/activation/activation/1.1/activation-1.1.jar:/home/sandile/.m2/repository/org/json/json/20180813/json-20180813.jar:"/>
    <property name="java.vm.vendor" value="Oracle Corporation"/>
    <property name="sun.arch.data.model" value="64"/>
    <property name="java.vendor.url" value="http://java.oracle.com/"/>
    <property name="user.timezone" value=""/>
    <property name="java.vm.specification.version" value="1.8"/>
    <property name="os.name" value="Linux"/>
    <property name="user.country" value="ZA"/>
    <property name="sun.java.launcher" value="SUN_STANDARD"/>
    <property name="sun.boot.library.path" value="/usr/lib/jvm/jdk1.8.0_211/jre/lib/amd64"/>
    <property name="sun.java.command" value="/home/sandile/eclipse-workspace/rest2/target/surefire/surefirebooter1012013760297859612.jar /home/sandile/eclipse-workspace/rest2/target/surefire 2019-06-24T10-21-34_234-jvmRun1 surefire6207653651421968177tmp surefire_07859228293405473673tmp"/>
    <property name="surefire.test.class.path" value="/home/sandile/eclipse-workspace/rest2/target/test-classes:/home/sandile/eclipse-workspace/rest2/target/classes:/home/sandile/.m2/repository/mysql/mysql-connector-java/8.0.15/mysql-connector-java-8.0.15.jar:/home/sandile/.m2/repository/com/google/protobuf/protobuf-java/3.6.1/protobuf-java-3.6.1.jar:/home/sandile/.m2/repository/junit/junit/4.11/junit-4.11.jar:/home/sandile/.m2/repository/org/hamcrest/hamcrest-core/1.3/hamcrest-core-1.3.jar:/home/sandile/.m2/repository/javax/javaee-api/8.0/javaee-api-8.0.jar:/home/sandile/.m2/repository/com/sun/mail/javax.mail/1.6.0/javax.mail-1.6.0.jar:/home/sandile/.m2/repository/javax/activation/activation/1.1/activation-1.1.jar:/home/sandile/.m2/repository/org/json/json/20180813/json-20180813.jar:"/>
    <property name="sun.cpu.endian" value="little"/>
    <property name="user.home" value="/home/sandile"/>
    <property name="user.language" value="en"/>
    <property name="java.specification.vendor" value="Oracle Corporation"/>
    <property name="java.home" value="/usr/lib/jvm/jdk1.8.0_211/jre"/>
    <property name="basedir" value="/home/sandile/eclipse-workspace/rest2"/>
    <property name="file.separator" value="/"/>
    <property name="line.separator" value="&#10;"/>
    <property name="java.vm.specification.vendor" value="Oracle Corporation"/>
    <property name="java.specification.name" value="Java Platform API Specification"/>
    <property name="java.awt.graphicsenv" value="sun.awt.X11GraphicsEnvironment"/>
    <property name="surefire.real.class.path" value="/home/sandile/eclipse-workspace/rest2/target/surefire/surefirebooter1012013760297859612.jar"/>
    <property name="sun.boot.class.path" value="/usr/lib/jvm/jdk1.8.0_211/jre/lib/resources.jar:/usr/lib/jvm/jdk1.8.0_211/jre/lib/rt.jar:/usr/lib/jvm/jdk1.8.0_211/jre/lib/sunrsasign.jar:/usr/lib/jvm/jdk1.8.0_211/jre/lib/jsse.jar:/usr/lib/jvm/jdk1.8.0_211/jre/lib/jce.jar:/usr/lib/jvm/jdk1.8.0_211/jre/lib/charsets.jar:/usr/lib/jvm/jdk1.8.0_211/jre/lib/jfr.jar:/usr/lib/jvm/jdk1.8.0_211/jre/classes"/>
    <property name="sun.management.compiler" value="HotSpot 64-Bit Tiered Compilers"/>
    <property name="java.runtime.version" value="1.8.0_211-b12"/>
    <property name="user.name" value="sandile"/>
    <property name="path.separator" value=":"/>
    <property name="os.version" value="4.15.0-52-generic"/>
    <property name="java.endorsed.dirs" value="/usr/lib/jvm/jdk1.8.0_211/jre/lib/endorsed"/>
    <property name="java.runtime.name" value="Java(TM) SE Runtime Environment"/>
    <property name="file.encoding" value="UTF-8"/>
    <property name="java.vm.name" value="Java HotSpot(TM) 64-Bit Server VM"/>
    <property name="localRepository" value="/home/sandile/.m2/repository"/>
    <property name="java.vendor.url.bug" value="http://bugreport.sun.com/bugreport/"/>
    <property name="java.io.tmpdir" value="/tmp"/>
    <property name="java.version" value="1.8.0_211"/>
    <property name="user.dir" value="/home/sandile/eclipse-workspace/rest2"/>
    <property name="os.arch" value="amd64"/>
    <property name="java.vm.specification.name" value="Java Virtual Machine Specification"/>
    <property name="java.awt.printerjob" value="sun.print.PSPrinterJob"/>
    <property name="sun.os.patch.level" value="unknown"/>
    <property name="java.library.path" value="/usr/java/packages/lib/amd64:/usr/lib64:/lib64:/lib:/usr/lib"/>
    <property name="java.vm.info" value="mixed mode"/>
    <property name="java.vendor" value="Oracle Corporation"/>
    <property name="java.vm.version" value="25.211-b12"/>
    <property name="java.ext.dirs" value="/usr/lib/jvm/jdk1.8.0_211/jre/lib/ext:/usr/java/packages/lib/ext"/>
    <property name="sun.io.unicode.encoding" value="UnicodeLittle"/>
    <property name="java.class.version" value="52.0"/>
  </properties>
  <testcase name="shouldAnswerWithTrue" classname="za.co.yakka.rest2.AppTest" time="0.001"/>
</testsuite>